# JRE version: Java(TM) SE Runtime Environment (8.0_202-b08) (build 1.8.0_202-b08)
# Java VM: Java HotSpot(TM) 64-Bit Server VM (25.202-b08 mixed mode windows-amd64 compressed oops)
Heap:
 PSYoungGen      total 125952K, used 20379K [0x0000000782f00000, 0x000000078c180000, 0x00000007c0000000)
  eden space 105984K, 19% used [0x0000000782f00000,0x00000007842e6ea8,0x0000000789680000)
  from space 19968K, 0% used [0x000000078ae00000,0x000000078ae00000,0x000000078c180000)
  to   space 22016K, 0% used [0x0000000789680000,0x0000000789680000,0x000000078ac00000)
 ParOldGen       total 164864K, used 52036K [0x0000000708c00000, 0x0000000712d00000, 0x0000000782f00000)
  object space 164864K, 31% used [0x0000000708c00000,0x000000070bed1170,0x0000000712d00000)
 Metaspace       used 35502K, capacity 36092K, committed 36568K, reserved 1081344K
  class space    used 4646K, capacity 4803K, committed 4864K, reserved 1048576K
GC Heap History (10 events):
Event: 25.820 GC heap before
{Heap before GC invocations=10 (full 1):
 PSYoungGen      total 73728K, used 73296K [0x0000000782f00000, 0x0000000789a80000, 0x00000007c0000000)
  eden space 69120K, 100% used [0x0000000782f00000,0x0000000787280000,0x0000000787280000)
  from space 4608K, 90% used [0x0000000789600000,0x0000000789a14010,0x0000000789a80000)
  to   space 15872K, 0% used [0x0000000787b80000,0x0000000787b80000,0x0000000788b00000)
 ParOldGen       total 96768K, used 23163K [0x0000000708c00000, 0x000000070ea80000, 0x0000000782f00000)
  object space 96768K, 23% used [0x0000000708c00000,0x000000070a29ed18,0x000000070ea80000)
 Metaspace       used 23515K, capacity 23806K, committed 24192K, reserved 1071104K
  class space    used 3002K, capacity 3107K, committed 3200K, reserved 1048576K
Event: 25.854 GC heap after
Heap after GC invocations=10 (full 1):
 PSYoungGen      total 94208K, used 11977K [0x0000000782f00000, 0x000000078a680000, 0x00000007c0000000)
  eden space 78336K, 0% used [0x0000000782f00000,0x0000000782f00000,0x0000000787b80000)
  from space 15872K, 75% used [0x0000000787b80000,0x0000000788732470,0x0000000788b00000)
  to   space 16384K, 0% used [0x0000000789680000,0x0000000789680000,0x000000078a680000)
 ParOldGen       total 96768K, used 23163K [0x0000000708c00000, 0x000000070ea80000, 0x0000000782f00000)
  object space 96768K, 23% used [0x0000000708c00000,0x000000070a29ed18,0x000000070ea80000)
 Metaspace       used 23515K, capacity 23806K, committed 24192K, reserved 1071104K
  class space    used 3002K, capacity 3107K, committed 3200K, reserved 1048576K
}
Event: 31.042 GC heap before
{Heap before GC invocations=11 (full 1):
 PSYoungGen      total 94208K, used 90313K [0x0000000782f00000, 0x000000078a680000, 0x00000007c0000000)
  eden space 78336K, 100% used [0x0000000782f00000,0x0000000787b80000,0x0000000787b80000)
  from space 15872K, 75% used [0x0000000787b80000,0x0000000788732470,0x0000000788b00000)
  to   space 16384K, 0% used [0x0000000789680000,0x0000000789680000,0x000000078a680000)
 ParOldGen       total 96768K, used 23163K [0x0000000708c00000, 0x000000070ea80000, 0x0000000782f00000)
  object space 96768K, 23% used [0x0000000708c00000,0x000000070a29ed18,0x000000070ea80000)
 Metaspace       used 24530K, capacity 24878K, committed 25088K, reserved 1071104K
  class space    used 3185K, capacity 3307K, committed 3328K, reserved 1048576K
Event: 31.089 GC heap after
Heap after GC invocations=11 (full 1):
 PSYoungGen      total 102400K, used 16352K [0x0000000782f00000, 0x000000078b800000, 0x00000007c0000000)
  eden space 86016K, 0% used [0x0000000782f00000,0x0000000782f00000,0x0000000788300000)
  from space 16384K, 99% used [0x0000000789680000,0x000000078a678010,0x000000078a680000)
  to   space 19968K, 0% used [0x0000000788300000,0x0000000788300000,0x0000000789680000)
 ParOldGen       total 96768K, used 27615K [0x0000000708c00000, 0x000000070ea80000, 0x0000000782f00000)
  object space 96768K, 28% used [0x0000000708c00000,0x000000070a6f7d40,0x000000070ea80000)
 Metaspace       used 24530K, capacity 24878K, committed 25088K, reserved 1071104K
  class space    used 3185K, capacity 3307K, committed 3328K, reserved 1048576K
}
Event: 36.398 GC heap before
{Heap before GC invocations=12 (full 1):
 PSYoungGen      total 102400K, used 102368K [0x0000000782f00000, 0x000000078b800000, 0x00000007c0000000)
  eden space 86016K, 100% used [0x0000000782f00000,0x0000000788300000,0x0000000788300000)
  from space 16384K, 99% used [0x0000000789680000,0x000000078a678010,0x000000078a680000)
  to   space 19968K, 0% used [0x0000000788300000,0x0000000788300000,0x0000000789680000)
 ParOldGen       total 96768K, used 27615K [0x0000000708c00000, 0x000000070ea80000, 0x0000000782f00000)
  object space 96768K, 28% used [0x0000000708c00000,0x000000070a6f7d40,0x000000070ea80000)
 Metaspace       used 27699K, capacity 28136K, committed 28416K, reserved 1073152K
  class space    used 3618K, capacity 3730K, committed 3840K, reserved 1048576K
Event: 36.446 GC heap after
Heap after GC invocations=12 (full 1):
 PSYoungGen      total 105984K, used 15575K [0x0000000782f00000, 0x000000078c200000, 0x00000007c0000000)
  eden space 86016K, 0% used [0x0000000782f00000,0x0000000782f00000,0x0000000788300000)
  from space 19968K, 78% used [0x0000000788300000,0x0000000789235d08,0x0000000789680000)
  to   space 20480K, 0% used [0x000000078ae00000,0x000000078ae00000,0x000000078c200000)
 ParOldGen       total 96768K, used 37087K [0x0000000708c00000, 0x000000070ea80000, 0x0000000782f00000)
  object space 96768K, 38% used [0x0000000708c00000,0x000000070b037d40,0x000000070ea80000)
 Metaspace       used 27699K, capacity 28136K, committed 28416K, reserved 1073152K
  class space    used 3618K, capacity 3730K, committed 3840K, reserved 1048576K
}
Event: 95.079 GC heap before
{Heap before GC invocations=13 (full 1):
 PSYoungGen      total 105984K, used 65215K [0x0000000782f00000, 0x000000078c200000, 0x00000007c0000000)
  eden space 86016K, 57% used [0x0000000782f00000,0x0000000785f79f10,0x0000000788300000)
  from space 19968K, 78% used [0x0000000788300000,0x0000000789235d08,0x0000000789680000)
  to   space 20480K, 0% used [0x000000078ae00000,0x000000078ae00000,0x000000078c200000)
 ParOldGen       total 96768K, used 37087K [0x0000000708c00000, 0x000000070ea80000, 0x0000000782f00000)
  object space 96768K, 38% used [0x0000000708c00000,0x000000070b037d40,0x000000070ea80000)
 Metaspace       used 34699K, capacity 35202K, committed 35416K, reserved 1079296K
  class space    used 4547K, capacity 4702K, committed 4736K, reserved 1048576K
Event: 95.115 GC heap after
Heap after GC invocations=13 (full 1):
 PSYoungGen      total 125952K, used 17573K [0x0000000782f00000, 0x000000078c180000, 0x00000007c0000000)
  eden space 105984K, 0% used [0x0000000782f00000,0x0000000782f00000,0x0000000789680000)
  from space 19968K, 88% used [0x000000078ae00000,0x000000078bf297b8,0x000000078c180000)
  to   space 22016K, 0% used [0x0000000789680000,0x0000000789680000,0x000000078ac00000)
 ParOldGen       total 96768K, used 37095K [0x0000000708c00000, 0x000000070ea80000, 0x0000000782f00000)
  object space 96768K, 38% used [0x0000000708c00000,0x000000070b039d40,0x000000070ea80000)
 Metaspace       used 34699K, capacity 35202K, committed 35416K, reserved 1079296K
  class space    used 4547K, capacity 4702K, committed 4736K, reserved 1048576K
}
Event: 95.115 GC heap before
{Heap before GC invocations=14 (full 2):
 PSYoungGen      total 125952K, used 17573K [0x0000000782f00000, 0x000000078c180000, 0x00000007c0000000)
  eden space 105984K, 0% used [0x0000000782f00000,0x0000000782f00000,0x0000000789680000)
  from space 19968K, 88% used [0x000000078ae00000,0x000000078bf297b8,0x000000078c180000)
  to   space 22016K, 0% used [0x0000000789680000,0x0000000789680000,0x000000078ac00000)
 ParOldGen       total 96768K, used 37095K [0x0000000708c00000, 0x000000070ea80000, 0x0000000782f00000)
  object space 96768K, 38% used [0x0000000708c00000,0x000000070b039d40,0x000000070ea80000)
 Metaspace       used 34699K, capacity 35202K, committed 35416K, reserved 1079296K
  class space    used 4547K, capacity 4702K, committed 4736K, reserved 1048576K
Event: 95.659 GC heap after
Heap after GC invocations=14 (full 2):
 PSYoungGen      total 125952K, used 0K [0x0000000782f00000, 0x000000078c180000, 0x00000007c0000000)
  eden space 105984K, 0% used [0x0000000782f00000,0x0000000782f00000,0x0000000789680000)
  from space 19968K, 0% used [0x000000078ae00000,0x000000078ae00000,0x000000078c180000)
  to   space 22016K, 0% used [0x0000000789680000,0x0000000789680000,0x000000078ac00000)
 ParOldGen       total 164864K, used 52036K [0x0000000708c00000, 0x0000000712d00000, 0x0000000782f00000)
  object space 164864K, 31% used [0x0000000708c00000,0x000000070bed1170,0x0000000712d00000)
 Metaspace       used 34699K, capacity 35202K, committed 35416K, reserved 1079296K
  class space    used 4547K, capacity 4702K, committed 4736K, reserved 1048576K
}

